<?xml version="1.0" encoding="UTF-8"?>
<!-- Generated by org.testng.reporters.JUnitReportReporter -->
<testsuite hostname="DESKTOP-G3DD0U6" name="pomTest.EcoTest" tests="1" failures="0" timestamp="13 Jan 2020 12:38:22 GMT" time="10.952" errors="0">
  <testcase name="checkAlert" time="10.952" classname="pomTest.EcoTest"/>
</testsuite> <!-- pomTest.EcoTest -->
